Determining if the pthread_create exist failed with the following output:
Change Dir: /home/osboxes/catkin_ws/src/path_velocity_profiler/cmake-build-debug/CMakeFiles/CMakeTmp

Run Build Command:"/usr/bin/make" "cmTC_94e4c/fast"
/usr/bin/make -f CMakeFiles/cmTC_94e4c.dir/build.make CMakeFiles/cmTC_94e4c.dir/build
make[1]: Entering directory '/home/osboxes/catkin_ws/src/path_velocity_profiler/cmake-build-debug/CMakeFiles/CMakeTmp'
Building C object CMakeFiles/cmTC_94e4c.dir/CheckSymbolExists.c.o
/usr/bin/cc     -o CMakeFiles/cmTC_94e4c.dir/CheckSymbolExists.c.o   -c /home/osboxes/catkin_ws/src/path_velocity_profiler/cmake-build-debug/CMakeFiles/CMakeTmp/CheckSymbolExists.c
Linking C executable cmTC_94e4c
/home/osboxes/Downloads/clion-2016.3.2/bin/cmake/bin/cmake -E cmake_link_script CMakeFiles/cmTC_94e4c.dir/link.txt --verbose=1
/usr/bin/cc       CMakeFiles/cmTC_94e4c.dir/CheckSymbolExists.c.o  -o cmTC_94e4c -rdynamic 
CMakeFiles/cmTC_94e4c.dir/CheckSymbolExists.c.o: In function `main':
CheckSymbolExists.c:(.text+0x16): undefined reference to `pthread_create'
collect2: error: ld returned 1 exit status
CMakeFiles/cmTC_94e4c.dir/build.make:97: recipe for target 'cmTC_94e4c' failed
make[1]: *** [cmTC_94e4c] Error 1
make[1]: Leaving directory '/home/osboxes/catkin_ws/src/path_velocity_profiler/cmake-build-debug/CMakeFiles/CMakeTmp'
Makefile:126: recipe for target 'cmTC_94e4c/fast' failed
make: *** [cmTC_94e4c/fast] Error 2

File /home/osboxes/catkin_ws/src/path_velocity_profiler/cmake-build-debug/CMakeFiles/CMakeTmp/CheckSymbolExists.c:
/* */
#include <pthread.h>

int main(int argc, char** argv)
{
  (void)argv;
#ifndef pthread_create
  return ((int*)(&pthread_create))[argc];
#else
  (void)argc;
  return 0;
#endif
}

Determining if the function pthread_create exists in the pthreads failed with the following output:
Change Dir: /home/osboxes/catkin_ws/src/path_velocity_profiler/cmake-build-debug/CMakeFiles/CMakeTmp

Run Build Command:"/usr/bin/make" "cmTC_ca841/fast"
/usr/bin/make -f CMakeFiles/cmTC_ca841.dir/build.make CMakeFiles/cmTC_ca841.dir/build
make[1]: Entering directory '/home/osboxes/catkin_ws/src/path_velocity_profiler/cmake-build-debug/CMakeFiles/CMakeTmp'
Building C object CMakeFiles/cmTC_ca841.dir/CheckFunctionExists.c.o
/usr/bin/cc    -DCHECK_FUNCTION_EXISTS=pthread_create   -o CMakeFiles/cmTC_ca841.dir/CheckFunctionExists.c.o   -c /home/osboxes/Downloads/clion-2016.3.2/bin/cmake/share/cmake-3.6/Modules/CheckFunctionExists.c
Linking C executable cmTC_ca841
/home/osboxes/Downloads/clion-2016.3.2/bin/cmake/bin/cmake -E cmake_link_script CMakeFiles/cmTC_ca841.dir/link.txt --verbose=1
/usr/bin/cc   -DCHECK_FUNCTION_EXISTS=pthread_create    CMakeFiles/cmTC_ca841.dir/CheckFunctionExists.c.o  -o cmTC_ca841 -rdynamic -lpthreads 
/usr/bin/ld: cannot find -lpthreads
collect2: error: ld returned 1 exit status
CMakeFiles/cmTC_ca841.dir/build.make:97: recipe for target 'cmTC_ca841' failed
make[1]: *** [cmTC_ca841] Error 1
make[1]: Leaving directory '/home/osboxes/catkin_ws/src/path_velocity_profiler/cmake-build-debug/CMakeFiles/CMakeTmp'
Makefile:126: recipe for target 'cmTC_ca841/fast' failed
make: *** [cmTC_ca841/fast] Error 2


